<?xml version="1.0" encoding="UTF-8"?>
<!-- Generated by org.testng.reporters.JUnitReportReporter -->
<testsuite hostname="DESKTOP-DM7HA6N" failures="0" tests="1" name="tests.LoginTest" time="17.712" errors="0" timestamp="2023-07-20T11:40:35 IST" skipped="0">
  <testcase classname="tests.LoginTest" name="verifyLoginTest" time="17.712"/>
  <system-out/>
</testsuite> <!-- tests.LoginTest -->
