<?xml version="1.0" encoding="UTF-8"?>
<!-- Generated by org.testng.reporters.JUnitReportReporter -->
<testsuite hostname="DESKTOP-DM7HA6N" failures="0" tests="1" name="tests.HomePage" time="26.623" errors="0" timestamp="2023-07-19T10:28:31 IST" skipped="0">
  <testcase classname="tests.HomePage" name="verifyLoginTest" time="26.623"/>
  <system-out/>
</testsuite> <!-- tests.HomePage -->
