<?xml version="1.0" encoding="UTF-8"?>
<!-- Generated by org.testng.reporters.JUnitReportReporter -->
<testsuite hostname="DESKTOP-DM7HA6N" failures="0" tests="1" name="tests.LoginTest" time="15.654" errors="0" timestamp="2023-07-21T10:45:48 IST" skipped="0">
  <testcase classname="tests.LoginTest" name="verifyLoginTest" time="15.654"/>
  <system-out/>
</testsuite> <!-- tests.LoginTest -->
