<?xml version="1.0" encoding="UTF-8"?>
<!-- Generated by org.testng.reporters.JUnitReportReporter -->
<testsuite hostname="DESKTOP-DM7HA6N" failures="0" tests="1" name="tests.LoginTest" time="16.194" errors="0" timestamp="2023-07-21T10:54:10 IST" skipped="0">
  <testcase classname="tests.LoginTest" name="verifyLoginTest" time="16.194"/>
</testsuite> <!-- tests.LoginTest -->
