<?xml version="1.0" encoding="UTF-8"?>
<!-- Generated by org.testng.reporters.JUnitReportReporter -->
<testsuite hostname="DESKTOP-DM7HA6N" failures="0" tests="1" name="tests.LoginTest" time="22.425" errors="0" timestamp="2023-07-20T12:00:41 IST" skipped="0">
  <testcase classname="tests.LoginTest" name="verifyLoginTest" time="22.425"/>
</testsuite> <!-- tests.LoginTest -->
